2024-02-09 19:31:20,680 INFO o.a.j.u.JMeterUtils: Setting Locale to en_EN
2024-02-09 19:31:20,696 INFO o.a.j.JMeter: Loading user properties from: user.properties
2024-02-09 19:31:20,697 INFO o.a.j.JMeter: Loading system properties from: system.properties
2024-02-09 19:31:20,702 INFO o.a.j.JMeter: Copyright (c) 1998-2024 The Apache Software Foundation
2024-02-09 19:31:20,702 INFO o.a.j.JMeter: Version 5.6.3
2024-02-09 19:31:20,702 INFO o.a.j.JMeter: java.version=17.0.7
2024-02-09 19:31:20,702 INFO o.a.j.JMeter: java.vm.name=OpenJDK 64-Bit Server VM
2024-02-09 19:31:20,702 INFO o.a.j.JMeter: os.name=Windows 10
2024-02-09 19:31:20,702 INFO o.a.j.JMeter: os.arch=amd64
2024-02-09 19:31:20,702 INFO o.a.j.JMeter: os.version=10.0
2024-02-09 19:31:20,703 INFO o.a.j.JMeter: file.encoding=Cp1251
2024-02-09 19:31:20,703 INFO o.a.j.JMeter: java.awt.headless=null
2024-02-09 19:31:20,703 INFO o.a.j.JMeter: Max memory     =1073741824
2024-02-09 19:31:20,703 INFO o.a.j.JMeter: Available Processors =16
2024-02-09 19:31:20,708 INFO o.a.j.JMeter: Default Locale=English (EN)
2024-02-09 19:31:20,709 INFO o.a.j.JMeter: JMeter  Locale=English (EN)
2024-02-09 19:31:20,709 INFO o.a.j.JMeter: JMeterHome=C:\Work\GB\Spring4856\SpringGr4856\Seminar10\apache-jmeter-5.6.3
2024-02-09 19:31:20,709 INFO o.a.j.JMeter: user.dir  =C:\Work\GB\Spring4856\SpringGr4856\Seminar10\apache-jmeter-5.6.3\bin
2024-02-09 19:31:20,709 INFO o.a.j.JMeter: PWD       =C:\Work\GB\Spring4856\SpringGr4856\Seminar10\apache-jmeter-5.6.3\bin
2024-02-09 19:31:20,710 INFO o.a.j.JMeter: IP: 192.168.1.8 Name: DESKTOP-DU10HAS FullName: DESKTOP-DU10HAS
2024-02-09 19:31:20,719 INFO o.a.j.JMeter: Loaded icon properties from org/apache/jmeter/images/icon.properties
2024-02-09 19:31:20,842 INFO o.a.j.JMeterGuiLauncher: Setting LAF to: com.github.weisj.darklaf.DarkLaf:com.github.weisj.darklaf.theme.DarculaTheme
